app/build/intermediates/manifest_merge_blame_file/debug/processDebugMainManifest/manifest-merger-blame-debug-report.txt
1<?xml version="1.0" encoding="utf-8"?>
2<manifest xmlns:android="http://schemas.android.com/apk/res/android"
3    package="com.gk.bricks"
4    android:versionCode="1"
5    android:versionName="1.0.1" >
6
7    <uses-sdk
8        android:minSdkVersion="30"
9        android:targetSdkVersion="35" />
10
11    <!-- <uses-permission android:name="android.permission.CAMERA"/> -->
12    <uses-permission android:name="android.permission.WAKE_LOCK" />
12-->src/main/AndroidManifest.xml:7:5-68
12-->src/main/AndroidManifest.xml:7:22-65
13    <uses-permission android:name="android.permission.SCHEDULE_EXACT_ALARM" />
13-->src/main/AndroidManifest.xml:8:5-79
13-->src/main/AndroidManifest.xml:8:22-76
14    <uses-permission android:name="android.permission.CAMERA" />
14-->src/main/AndroidManifest.xml:9:5-65
14-->src/main/AndroidManifest.xml:9:22-62
15
16    <uses-feature android:name="android.hardware.camera" />
16-->src/main/AndroidManifest.xml:10:5-60
16-->src/main/AndroidManifest.xml:10:19-57
17
18    <uses-permission android:name="android.permission.CHANGE_WIFI_MULTICAST_STATE" />
18-->src/main/AndroidManifest.xml:11:5-86
18-->src/main/AndroidManifest.xml:11:22-83
19    <uses-permission android:name="android.permission.ACCESS_WIFI_STATE" />
19-->src/main/AndroidManifest.xml:12:5-76
19-->src/main/AndroidManifest.xml:12:22-73
20    <uses-permission android:name="android.permission.CHANGE_WIFI_STATE" />
20-->src/main/AndroidManifest.xml:13:5-76
20-->src/main/AndroidManifest.xml:13:22-73
21    <uses-permission android:name="android.permission.ACCESS_FINE_LOCATION" />
21-->src/main/AndroidManifest.xml:14:5-79
21-->src/main/AndroidManifest.xml:14:22-76
22    <uses-permission android:name="android.permission.ACCESS_COARSE_LOCATION" />
22-->src/main/AndroidManifest.xml:15:5-81
22-->src/main/AndroidManifest.xml:15:22-78
23    <uses-permission android:name="android.permission.WRITE_SETTINGS" />
23-->src/main/AndroidManifest.xml:16:5-73
23-->src/main/AndroidManifest.xml:16:22-70
24    <uses-permission android:name="android.permission.ACCESS_NETWORK_STATE" />
24-->src/main/AndroidManifest.xml:17:5-79
24-->src/main/AndroidManifest.xml:17:22-76
25    <uses-permission android:name="android.permission.CHANGE_NETWORK_STATE" />
25-->src/main/AndroidManifest.xml:18:5-79
25-->src/main/AndroidManifest.xml:18:22-76
26    <uses-permission android:name="android.permission.INTERNET" />
26-->src/main/AndroidManifest.xml:19:5-67
26-->src/main/AndroidManifest.xml:19:22-64
27    <uses-permission android:name="android.permission.POST_NOTIFICATIONS" />
27-->src/main/AndroidManifest.xml:20:5-77
27-->src/main/AndroidManifest.xml:20:22-74
28    <uses-permission
28-->src/main/AndroidManifest.xml:21:5-23:58
29        android:name="android.permission.NEARBY_WIFI_DEVICES"
29-->src/main/AndroidManifest.xml:22:9-62
30        android:usesPermissionFlags="neverForLocation" />
30-->src/main/AndroidManifest.xml:23:9-55
31    <uses-permission android:name="android.permission.MANAGE_USB" />
31-->src/main/AndroidManifest.xml:24:5-26:47
31-->src/main/AndroidManifest.xml:25:9-53
32    <uses-permission android:name="android.permission.TETHER_PRIVILEGED" />
32-->src/main/AndroidManifest.xml:27:5-29:47
32-->src/main/AndroidManifest.xml:28:9-60
33    <uses-permission android:name="android.permission.MANAGE_EXTERNAL_STORAGE" />
33-->src/main/AndroidManifest.xml:30:5-32:40
33-->src/main/AndroidManifest.xml:31:9-66
34    <uses-permission android:name="android.permission.REQUEST_INSTALL_PACKAGES" />
34-->src/main/AndroidManifest.xml:33:5-83
34-->src/main/AndroidManifest.xml:33:22-80
35    <uses-permission android:name="android.permission.SYSTEM_ALERT_WINDOW" />
35-->src/main/AndroidManifest.xml:34:5-78
35-->src/main/AndroidManifest.xml:34:22-75
36
37    <queries>
37-->[com.vanniktech:android-image-cropper:4.6.0] AndroidManifest.xml:7:5-18:15
38        <intent>
38-->[com.vanniktech:android-image-cropper:4.6.0] AndroidManifest.xml:8:9-14:18
39            <action android:name="android.intent.action.GET_CONTENT" />
39-->[com.vanniktech:android-image-cropper:4.6.0] AndroidManifest.xml:9:13-72
39-->[com.vanniktech:android-image-cropper:4.6.0] AndroidManifest.xml:9:21-69
40
41            <category android:name="android.intent.category.OPENABLE" />
41-->[com.vanniktech:android-image-cropper:4.6.0] AndroidManifest.xml:11:13-73
41-->[com.vanniktech:android-image-cropper:4.6.0] AndroidManifest.xml:11:23-70
42
43            <data android:mimeType="*/*" />
43-->[com.vanniktech:android-image-cropper:4.6.0] AndroidManifest.xml:13:13-44
43-->[com.vanniktech:android-image-cropper:4.6.0] AndroidManifest.xml:13:19-41
44        </intent>
45        <intent>
45-->[com.vanniktech:android-image-cropper:4.6.0] AndroidManifest.xml:15:9-17:18
46            <action android:name="android.media.action.IMAGE_CAPTURE" />
46-->[com.vanniktech:android-image-cropper:4.6.0] AndroidManifest.xml:16:13-73
46-->[com.vanniktech:android-image-cropper:4.6.0] AndroidManifest.xml:16:21-70
47        </intent>
48        <!-- For browser content -->
49        <intent>
49-->[com.google.android.libraries.ads.mobile.sdk:ads-mobile-sdk:0.17.0-alpha02] AndroidManifest.xml:21:9-27:18
50            <action android:name="android.intent.action.VIEW" />
50-->[com.google.android.libraries.ads.mobile.sdk:ads-mobile-sdk:0.17.0-alpha02] AndroidManifest.xml:22:13-65
50-->[com.google.android.libraries.ads.mobile.sdk:ads-mobile-sdk:0.17.0-alpha02] AndroidManifest.xml:22:21-62
51
52            <category android:name="android.intent.category.BROWSABLE" />
52-->[com.google.android.libraries.ads.mobile.sdk:ads-mobile-sdk:0.17.0-alpha02] AndroidManifest.xml:24:13-74
52-->[com.google.android.libraries.ads.mobile.sdk:ads-mobile-sdk:0.17.0-alpha02] AndroidManifest.xml:24:23-71
53
54            <data android:scheme="https" />
54-->[com.vanniktech:android-image-cropper:4.6.0] AndroidManifest.xml:13:13-44
55        </intent> <!-- End of browser content -->
56        <!-- For CustomTabsService -->
57        <intent>
57-->[com.google.android.libraries.ads.mobile.sdk:ads-mobile-sdk:0.17.0-alpha02] AndroidManifest.xml:30:9-32:18
58            <action android:name="android.support.customtabs.action.CustomTabsService" />
58-->[com.google.android.libraries.ads.mobile.sdk:ads-mobile-sdk:0.17.0-alpha02] AndroidManifest.xml:31:13-90
58-->[com.google.android.libraries.ads.mobile.sdk:ads-mobile-sdk:0.17.0-alpha02] AndroidManifest.xml:31:21-87
59        </intent> <!-- End of CustomTabsService -->
60        <!-- For MRAID capabilities -->
61        <intent>
61-->[com.google.android.libraries.ads.mobile.sdk:ads-mobile-sdk:0.17.0-alpha02] AndroidManifest.xml:35:9-39:18
62            <action android:name="android.intent.action.INSERT" />
62-->[com.google.android.libraries.ads.mobile.sdk:ads-mobile-sdk:0.17.0-alpha02] AndroidManifest.xml:36:13-67
62-->[com.google.android.libraries.ads.mobile.sdk:ads-mobile-sdk:0.17.0-alpha02] AndroidManifest.xml:36:21-64
63
64            <data android:mimeType="vnd.android.cursor.dir/event" />
64-->[com.vanniktech:android-image-cropper:4.6.0] AndroidManifest.xml:13:13-44
64-->[com.vanniktech:android-image-cropper:4.6.0] AndroidManifest.xml:13:19-41
65        </intent>
66        <intent>
66-->[com.google.android.libraries.ads.mobile.sdk:ads-mobile-sdk:0.17.0-alpha02] AndroidManifest.xml:40:9-44:18
67            <action android:name="android.intent.action.VIEW" />
67-->[com.google.android.libraries.ads.mobile.sdk:ads-mobile-sdk:0.17.0-alpha02] AndroidManifest.xml:22:13-65
67-->[com.google.android.libraries.ads.mobile.sdk:ads-mobile-sdk:0.17.0-alpha02] AndroidManifest.xml:22:21-62
68
69            <data android:scheme="sms" />
69-->[com.vanniktech:android-image-cropper:4.6.0] AndroidManifest.xml:13:13-44
70        </intent>
71        <intent>
71-->[com.google.android.libraries.ads.mobile.sdk:ads-mobile-sdk:0.17.0-alpha02] AndroidManifest.xml:45:9-49:18
72            <action android:name="android.intent.action.DIAL" />
72-->[com.google.android.libraries.ads.mobile.sdk:ads-mobile-sdk:0.17.0-alpha02] AndroidManifest.xml:46:13-65
72-->[com.google.android.libraries.ads.mobile.sdk:ads-mobile-sdk:0.17.0-alpha02] AndroidManifest.xml:46:21-62
73
74            <data android:path="tel:" />
74-->[com.vanniktech:android-image-cropper:4.6.0] AndroidManifest.xml:13:13-44
75        </intent>
76    </queries>
77
78    <uses-permission android:name="android.permission.READ_BASIC_PHONE_STATE" />
78-->[com.google.android.libraries.ads.mobile.sdk:ads-mobile-sdk:0.17.0-alpha02] AndroidManifest.xml:11:5-81
78-->[com.google.android.libraries.ads.mobile.sdk:ads-mobile-sdk:0.17.0-alpha02] AndroidManifest.xml:11:22-78
79    <uses-permission android:name="android.permission.ACCESS_ADSERVICES_TOPICS" />
79-->[com.google.android.libraries.ads.mobile.sdk:ads-mobile-sdk:0.17.0-alpha02] AndroidManifest.xml:12:5-83
79-->[com.google.android.libraries.ads.mobile.sdk:ads-mobile-sdk:0.17.0-alpha02] AndroidManifest.xml:12:22-80
80    <uses-permission android:name="android.permission.ACCESS_ADSERVICES_AD_ID" />
80-->[com.google.android.libraries.ads.mobile.sdk:ads-mobile-sdk:0.17.0-alpha02] AndroidManifest.xml:13:5-82
80-->[com.google.android.libraries.ads.mobile.sdk:ads-mobile-sdk:0.17.0-alpha02] AndroidManifest.xml:13:22-79
81    <uses-permission android:name="android.permission.ACCESS_ADSERVICES_ATTRIBUTION" />
81-->[com.google.android.libraries.ads.mobile.sdk:ads-mobile-sdk:0.17.0-alpha02] AndroidManifest.xml:14:5-88
81-->[com.google.android.libraries.ads.mobile.sdk:ads-mobile-sdk:0.17.0-alpha02] AndroidManifest.xml:14:22-85
82    <uses-permission android:name="com.google.android.gms.permission.AD_ID" />
82-->[com.google.android.libraries.ads.mobile.sdk:ads-mobile-sdk:0.17.0-alpha02] AndroidManifest.xml:15:5-79
82-->[com.google.android.libraries.ads.mobile.sdk:ads-mobile-sdk:0.17.0-alpha02] AndroidManifest.xml:15:22-76
83    <uses-permission android:name="android.permission.RECEIVE_BOOT_COMPLETED" />
83-->[androidx.work:work-runtime:2.10.0] AndroidManifest.xml:25:5-81
83-->[androidx.work:work-runtime:2.10.0] AndroidManifest.xml:25:22-78
84    <uses-permission android:name="android.permission.FOREGROUND_SERVICE" />
84-->[androidx.work:work-runtime:2.10.0] AndroidManifest.xml:26:5-77
84-->[androidx.work:work-runtime:2.10.0] AndroidManifest.xml:26:22-74
85
86    <permission
86-->[androidx.core:core:1.16.0] AndroidManifest.xml:22:5-24:47
87        android:name="com.gk.bricks.DYNAMIC_RECEIVER_NOT_EXPORTED_PERMISSION"
87-->[androidx.core:core:1.16.0] AndroidManifest.xml:23:9-81
88        android:protectionLevel="signature" />
88-->[androidx.core:core:1.16.0] AndroidManifest.xml:24:9-44
89
90    <uses-permission android:name="com.gk.bricks.DYNAMIC_RECEIVER_NOT_EXPORTED_PERMISSION" />
90-->[androidx.core:core:1.16.0] AndroidManifest.xml:26:5-97
90-->[androidx.core:core:1.16.0] AndroidManifest.xml:26:22-94
91
92    <application
92-->src/main/AndroidManifest.xml:36:5-155:19
93        android:name="com.gk.bricks.BaseApplication"
93-->src/main/AndroidManifest.xml:37:9-40
94        android:allowBackup="true"
94-->src/main/AndroidManifest.xml:38:9-35
95        android:appComponentFactory="androidx.core.app.CoreComponentFactory"
95-->[androidx.core:core:1.16.0] AndroidManifest.xml:28:18-86
96        android:dataExtractionRules="@xml/data_extraction_rules"
96-->src/main/AndroidManifest.xml:39:9-65
97        android:debuggable="true"
98        android:extractNativeLibs="false"
99        android:fullBackupContent="@xml/backup_rules"
99-->src/main/AndroidManifest.xml:40:9-54
100        android:icon="@drawable/gk_logo_new_bg"
100-->src/main/AndroidManifest.xml:41:9-48
101        android:label="@string/app_name"
101-->src/main/AndroidManifest.xml:42:9-41
102        android:roundIcon="@drawable/gk_logo_new_bg"
102-->src/main/AndroidManifest.xml:43:9-53
103        android:supportsRtl="true"
103-->src/main/AndroidManifest.xml:44:9-35
104        android:theme="@style/Theme.ProjectQ" >
104-->src/main/AndroidManifest.xml:45:9-46
105        <activity
105-->src/main/AndroidManifest.xml:47:9-76:20
106            android:name="com.gk.bricks.MainActivity"
106-->src/main/AndroidManifest.xml:48:13-41
107            android:configChanges="uiMode"
107-->src/main/AndroidManifest.xml:49:13-43
108            android:directBootAware="false"
108-->src/main/AndroidManifest.xml:50:13-44
109            android:exported="true"
109-->src/main/AndroidManifest.xml:51:13-36
110            android:launchMode="singleTask"
110-->src/main/AndroidManifest.xml:52:13-44
111            android:lockTaskMode="if_whitelisted"
111-->src/main/AndroidManifest.xml:53:13-50
112            android:screenOrientation="portrait"
112-->src/main/AndroidManifest.xml:54:13-49
113            android:theme="@style/Theme.MyApp.Splash" >
113-->src/main/AndroidManifest.xml:55:13-54
114            <intent-filter>
114-->src/main/AndroidManifest.xml:56:13-62:29
115                <action android:name="android.intent.action.MAIN" />
115-->src/main/AndroidManifest.xml:57:17-69
115-->src/main/AndroidManifest.xml:57:25-66
116
117                <category android:name="android.intent.category.HOME" />
117-->src/main/AndroidManifest.xml:59:17-73
117-->src/main/AndroidManifest.xml:59:27-70
118                <category android:name="android.intent.category.DEFAULT" />
118-->src/main/AndroidManifest.xml:60:17-76
118-->src/main/AndroidManifest.xml:60:27-73
119                <category android:name="android.intent.category.LAUNCHER" />
119-->src/main/AndroidManifest.xml:61:17-77
119-->src/main/AndroidManifest.xml:61:27-74
120            </intent-filter>
121            <intent-filter>
121-->src/main/AndroidManifest.xml:64:13-67:29
122                <action android:name="android.net.conn.CONNECTIVITY_CHANGE" />
122-->src/main/AndroidManifest.xml:65:17-79
122-->src/main/AndroidManifest.xml:65:25-76
123                <action android:name="android.net.wifi.WIFI_STATE_CHANGED" />
123-->src/main/AndroidManifest.xml:66:17-78
123-->src/main/AndroidManifest.xml:66:25-75
124            </intent-filter>
125            <intent-filter>
125-->src/main/AndroidManifest.xml:68:13-72:29
126                <action android:name="android.intent.action.TIME_SET" />
126-->src/main/AndroidManifest.xml:69:17-73
126-->src/main/AndroidManifest.xml:69:25-70
127                <action android:name="android.intent.action.DATE_CHANGED" />
127-->src/main/AndroidManifest.xml:70:17-77
127-->src/main/AndroidManifest.xml:70:25-74
128                <action android:name="android.intent.action.TIMEZONE_CHANGED" />
128-->src/main/AndroidManifest.xml:71:17-81
128-->src/main/AndroidManifest.xml:71:25-78
129            </intent-filter>
130            <intent-filter android:priority="0" >
130-->src/main/AndroidManifest.xml:73:13-75:29
130-->src/main/AndroidManifest.xml:73:28-48
131                <action android:name="android.intent.action.PHONE_STATE" />
131-->src/main/AndroidManifest.xml:74:17-76
131-->src/main/AndroidManifest.xml:74:25-73
132            </intent-filter>
133        </activity>
134        <activity
134-->src/main/AndroidManifest.xml:78:9-100:20
135            android:name="com.gk.bricks.ProductionMainActivity"
135-->src/main/AndroidManifest.xml:79:13-51
136            android:configChanges="uiMode"
136-->src/main/AndroidManifest.xml:80:13-43
137            android:directBootAware="false"
137-->src/main/AndroidManifest.xml:81:13-44
138            android:exported="true"
138-->src/main/AndroidManifest.xml:82:13-36
139            android:launchMode="singleTask"
139-->src/main/AndroidManifest.xml:83:13-44
140            android:lockTaskMode="if_whitelisted"
140-->src/main/AndroidManifest.xml:84:13-50
141            android:screenOrientation="portrait"
141-->src/main/AndroidManifest.xml:85:13-49
142            android:theme="@style/Theme.MyApp.Splash" >
142-->src/main/AndroidManifest.xml:86:13-54
143            <intent-filter>
143-->src/main/AndroidManifest.xml:64:13-67:29
144                <action android:name="android.net.conn.CONNECTIVITY_CHANGE" />
144-->src/main/AndroidManifest.xml:65:17-79
144-->src/main/AndroidManifest.xml:65:25-76
145                <action android:name="android.net.wifi.WIFI_STATE_CHANGED" />
145-->src/main/AndroidManifest.xml:66:17-78
145-->src/main/AndroidManifest.xml:66:25-75
146            </intent-filter>
147            <intent-filter>
147-->src/main/AndroidManifest.xml:68:13-72:29
148                <action android:name="android.intent.action.TIME_SET" />
148-->src/main/AndroidManifest.xml:69:17-73
148-->src/main/AndroidManifest.xml:69:25-70
149                <action android:name="android.intent.action.DATE_CHANGED" />
149-->src/main/AndroidManifest.xml:70:17-77
149-->src/main/AndroidManifest.xml:70:25-74
150                <action android:name="android.intent.action.TIMEZONE_CHANGED" />
150-->src/main/AndroidManifest.xml:71:17-81
150-->src/main/AndroidManifest.xml:71:25-78
151            </intent-filter>
152            <intent-filter android:priority="0" >
152-->src/main/AndroidManifest.xml:73:13-75:29
152-->src/main/AndroidManifest.xml:73:28-48
153                <action android:name="android.intent.action.PHONE_STATE" />
153-->src/main/AndroidManifest.xml:74:17-76
153-->src/main/AndroidManifest.xml:74:25-73
154            </intent-filter>
155        </activity>
156        <activity
156-->src/main/AndroidManifest.xml:102:9-111:20
157            android:name="com.gk.bricks.EmployeeMainActivity"
157-->src/main/AndroidManifest.xml:103:13-49
158            android:configChanges="uiMode"
158-->src/main/AndroidManifest.xml:104:13-43
159            android:directBootAware="false"
159-->src/main/AndroidManifest.xml:105:13-44
160            android:exported="true"
160-->src/main/AndroidManifest.xml:106:13-36
161            android:launchMode="singleTask"
161-->src/main/AndroidManifest.xml:107:13-44
162            android:lockTaskMode="if_whitelisted"
162-->src/main/AndroidManifest.xml:108:13-50
163            android:screenOrientation="portrait"
163-->src/main/AndroidManifest.xml:109:13-49
164            android:theme="@style/Theme.MyApp.Splash" >
164-->src/main/AndroidManifest.xml:110:13-54
165        </activity>
166        <activity
166-->src/main/AndroidManifest.xml:113:9-122:20
167            android:name="com.gk.bricks.DeliveryMainActivity"
167-->src/main/AndroidManifest.xml:114:13-49
168            android:configChanges="uiMode"
168-->src/main/AndroidManifest.xml:115:13-43
169            android:directBootAware="false"
169-->src/main/AndroidManifest.xml:116:13-44
170            android:exported="true"
170-->src/main/AndroidManifest.xml:117:13-36
171            android:launchMode="singleTask"
171-->src/main/AndroidManifest.xml:118:13-44
172            android:lockTaskMode="if_whitelisted"
172-->src/main/AndroidManifest.xml:119:13-50
173            android:screenOrientation="portrait"
173-->src/main/AndroidManifest.xml:120:13-49
174            android:theme="@style/Theme.MyApp.Splash" >
174-->src/main/AndroidManifest.xml:121:13-54
175        </activity>
176        <activity
176-->src/main/AndroidManifest.xml:124:9-127:45
177            android:name="com.canhub.cropper.CropImageActivity"
177-->src/main/AndroidManifest.xml:125:13-64
178            android:exported="true"
178-->[com.vanniktech:android-image-cropper:4.6.0] AndroidManifest.xml:33:13-36
179            android:theme="@style/CustomCropImageStyle" />
179-->src/main/AndroidManifest.xml:126:13-56
180
181        <receiver
181-->src/main/AndroidManifest.xml:129:9-141:20
182            android:name="com.gk.bricks.service.DeviceAdmin"
182-->src/main/AndroidManifest.xml:130:13-48
183            android:description="@string/permission_title"
183-->src/main/AndroidManifest.xml:131:13-59
184            android:exported="true"
184-->src/main/AndroidManifest.xml:132:13-36
185            android:label="@string/app_name"
185-->src/main/AndroidManifest.xml:133:13-45
186            android:permission="android.permission.BIND_DEVICE_ADMIN" >
186-->src/main/AndroidManifest.xml:134:13-70
187            <meta-data
187-->src/main/AndroidManifest.xml:135:13-137:56
188                android:name="android.app.device_admin"
188-->src/main/AndroidManifest.xml:136:17-56
189                android:resource="@xml/device_admin" />
189-->src/main/AndroidManifest.xml:137:17-53
190
191            <intent-filter>
191-->src/main/AndroidManifest.xml:138:13-140:29
192                <action android:name="android.app.action.DEVICE_ADMIN_ENABLED" />
192-->src/main/AndroidManifest.xml:139:17-82
192-->src/main/AndroidManifest.xml:139:25-79
193            </intent-filter>
194        </receiver>
195
196        <provider
197            android:name="androidx.core.content.FileProvider"
197-->src/main/AndroidManifest.xml:144:13-62
198            android:authorities="com.gk.bricks.provider"
198-->src/main/AndroidManifest.xml:145:13-60
199            android:exported="false"
199-->src/main/AndroidManifest.xml:146:13-37
200            android:grantUriPermissions="true" >
200-->src/main/AndroidManifest.xml:147:13-47
201            <meta-data
201-->src/main/AndroidManifest.xml:148:13-150:54
202                android:name="android.support.FILE_PROVIDER_PATHS"
202-->src/main/AndroidManifest.xml:149:17-67
203                android:resource="@xml/file_paths" />
203-->src/main/AndroidManifest.xml:150:17-51
204        </provider>
205        <provider
205-->[com.vanniktech:android-image-cropper:4.6.0] AndroidManifest.xml:21:9-29:20
206            android:name="com.canhub.cropper.CropFileProvider"
206-->[com.vanniktech:android-image-cropper:4.6.0] AndroidManifest.xml:22:13-63
207            android:authorities="com.gk.bricks.cropper.fileprovider"
207-->[com.vanniktech:android-image-cropper:4.6.0] AndroidManifest.xml:23:13-72
208            android:exported="false"
208-->[com.vanniktech:android-image-cropper:4.6.0] AndroidManifest.xml:24:13-37
209            android:grantUriPermissions="true" >
209-->[com.vanniktech:android-image-cropper:4.6.0] AndroidManifest.xml:25:13-47
210            <meta-data
210-->src/main/AndroidManifest.xml:148:13-150:54
211                android:name="android.support.FILE_PROVIDER_PATHS"
211-->src/main/AndroidManifest.xml:149:17-67
212                android:resource="@xml/library_file_paths" />
212-->src/main/AndroidManifest.xml:150:17-51
213        </provider>
214
215        <activity
215-->[com.karumi:dexter:6.2.3] AndroidManifest.xml:27:9-29:72
216            android:name="com.karumi.dexter.DexterActivity"
216-->[com.karumi:dexter:6.2.3] AndroidManifest.xml:28:13-60
217            android:theme="@style/Dexter.Internal.Theme.Transparent" />
217-->[com.karumi:dexter:6.2.3] AndroidManifest.xml:29:13-69
218        <activity
218-->[com.google.android.libraries.ads.mobile.sdk:ads-mobile-sdk:0.17.0-alpha02] AndroidManifest.xml:54:9-59:43
219            android:name="com.google.android.libraries.ads.mobile.sdk.common.AdActivity"
219-->[com.google.android.libraries.ads.mobile.sdk:ads-mobile-sdk:0.17.0-alpha02] AndroidManifest.xml:55:13-89
220            android:configChanges="keyboard|keyboardHidden|orientation|screenLayout|uiMode|screenSize|smallestScreenSize"
220-->[com.google.android.libraries.ads.mobile.sdk:ads-mobile-sdk:0.17.0-alpha02] AndroidManifest.xml:56:13-122
221            android:exported="false"
221-->[com.google.android.libraries.ads.mobile.sdk:ads-mobile-sdk:0.17.0-alpha02] AndroidManifest.xml:57:13-37
222            android:theme="@android:style/Theme.Translucent" />
222-->[com.google.android.libraries.ads.mobile.sdk:ads-mobile-sdk:0.17.0-alpha02] AndroidManifest.xml:58:13-61
223
224        <service
224-->[com.google.firebase:firebase-database:20.3.1] AndroidManifest.xml:26:9-35:19
225            android:name="com.google.firebase.components.ComponentDiscoveryService"
225-->[com.google.firebase:firebase-database:20.3.1] AndroidManifest.xml:27:13-84
226            android:directBootAware="true"
226-->[com.google.firebase:firebase-common:20.4.2] AndroidManifest.xml:32:13-43
227            android:exported="false" >
227-->[com.google.firebase:firebase-database:20.3.1] AndroidManifest.xml:28:13-37
228            <meta-data
228-->[com.google.firebase:firebase-database:20.3.1] AndroidManifest.xml:29:13-31:85
229                android:name="com.google.firebase.components:com.google.firebase.database.FirebaseDatabaseKtxRegistrar"
229-->[com.google.firebase:firebase-database:20.3.1] AndroidManifest.xml:30:17-120
230                android:value="com.google.firebase.components.ComponentRegistrar" />
230-->[com.google.firebase:firebase-database:20.3.1] AndroidManifest.xml:31:17-82
231            <meta-data
231-->[com.google.firebase:firebase-database:20.3.1] AndroidManifest.xml:32:13-34:85
232                android:name="com.google.firebase.components:com.google.firebase.database.DatabaseRegistrar"
232-->[com.google.firebase:firebase-database:20.3.1] AndroidManifest.xml:33:17-109
233                android:value="com.google.firebase.components.ComponentRegistrar" />
233-->[com.google.firebase:firebase-database:20.3.1] AndroidManifest.xml:34:17-82
234            <meta-data
234-->[com.google.firebase:firebase-storage:20.3.0] AndroidManifest.xml:30:13-32:85
235                android:name="com.google.firebase.components:com.google.firebase.storage.FirebaseStorageKtxRegistrar"
235-->[com.google.firebase:firebase-storage:20.3.0] AndroidManifest.xml:31:17-118
236                android:value="com.google.firebase.components.ComponentRegistrar" />
236-->[com.google.firebase:firebase-storage:20.3.0] AndroidManifest.xml:32:17-82
237            <meta-data
237-->[com.google.firebase:firebase-storage:20.3.0] AndroidManifest.xml:33:13-35:85
238                android:name="com.google.firebase.components:com.google.firebase.storage.StorageRegistrar"
238-->[com.google.firebase:firebase-storage:20.3.0] AndroidManifest.xml:34:17-107
239                android:value="com.google.firebase.components.ComponentRegistrar" />
239-->[com.google.firebase:firebase-storage:20.3.0] AndroidManifest.xml:35:17-82
240            <meta-data
240-->[com.google.firebase:firebase-appcheck:17.1.0] AndroidManifest.xml:25:13-27:85
241                android:name="com.google.firebase.components:com.google.firebase.appcheck.FirebaseAppCheckKtxRegistrar"
241-->[com.google.firebase:firebase-appcheck:17.1.0] AndroidManifest.xml:26:17-120
242                android:value="com.google.firebase.components.ComponentRegistrar" />
242-->[com.google.firebase:firebase-appcheck:17.1.0] AndroidManifest.xml:27:17-82
243            <meta-data
243-->[com.google.firebase:firebase-appcheck:17.1.0] AndroidManifest.xml:28:13-30:85
244                android:name="com.google.firebase.components:com.google.firebase.appcheck.FirebaseAppCheckRegistrar"
244-->[com.google.firebase:firebase-appcheck:17.1.0] AndroidManifest.xml:29:17-117
245                android:value="com.google.firebase.components.ComponentRegistrar" />
245-->[com.google.firebase:firebase-appcheck:17.1.0] AndroidManifest.xml:30:17-82
246            <meta-data
246-->[com.google.firebase:firebase-common-ktx:20.4.2] AndroidManifest.xml:12:13-14:85
247                android:name="com.google.firebase.components:com.google.firebase.ktx.FirebaseCommonLegacyRegistrar"
247-->[com.google.firebase:firebase-common-ktx:20.4.2] AndroidManifest.xml:13:17-116
248                android:value="com.google.firebase.components.ComponentRegistrar" />
248-->[com.google.firebase:firebase-common-ktx:20.4.2] AndroidManifest.xml:14:17-82
249            <meta-data
249-->[com.google.firebase:firebase-common:20.4.2] AndroidManifest.xml:35:13-37:85
250                android:name="com.google.firebase.components:com.google.firebase.FirebaseCommonKtxRegistrar"
250-->[com.google.firebase:firebase-common:20.4.2] AndroidManifest.xml:36:17-109
251                android:value="com.google.firebase.components.ComponentRegistrar" />
251-->[com.google.firebase:firebase-common:20.4.2] AndroidManifest.xml:37:17-82
252        </service>
253
254        <provider
254-->[com.google.firebase:firebase-common:20.4.2] AndroidManifest.xml:23:9-28:39
255            android:name="com.google.firebase.provider.FirebaseInitProvider"
255-->[com.google.firebase:firebase-common:20.4.2] AndroidManifest.xml:24:13-77
256            android:authorities="com.gk.bricks.firebaseinitprovider"
256-->[com.google.firebase:firebase-common:20.4.2] AndroidManifest.xml:25:13-72
257            android:directBootAware="true"
257-->[com.google.firebase:firebase-common:20.4.2] AndroidManifest.xml:26:13-43
258            android:exported="false"
258-->[com.google.firebase:firebase-common:20.4.2] AndroidManifest.xml:27:13-37
259            android:initOrder="100" />
259-->[com.google.firebase:firebase-common:20.4.2] AndroidManifest.xml:28:13-36
260
261        <activity
261-->[com.google.android.gms:play-services-base:18.1.0] AndroidManifest.xml:20:9-22:45
262            android:name="com.google.android.gms.common.api.GoogleApiActivity"
262-->[com.google.android.gms:play-services-base:18.1.0] AndroidManifest.xml:20:19-85
263            android:exported="false"
263-->[com.google.android.gms:play-services-base:18.1.0] AndroidManifest.xml:22:19-43
264            android:theme="@android:style/Theme.Translucent.NoTitleBar" />
264-->[com.google.android.gms:play-services-base:18.1.0] AndroidManifest.xml:21:19-78
265
266        <provider
266-->[androidx.emoji2:emoji2:1.3.0] AndroidManifest.xml:24:9-32:20
267            android:name="androidx.startup.InitializationProvider"
267-->[androidx.emoji2:emoji2:1.3.0] AndroidManifest.xml:25:13-67
268            android:authorities="com.gk.bricks.androidx-startup"
268-->[androidx.emoji2:emoji2:1.3.0] AndroidManifest.xml:26:13-68
269            android:exported="false" >
269-->[androidx.emoji2:emoji2:1.3.0] AndroidManifest.xml:27:13-37
270            <meta-data
270-->[androidx.emoji2:emoji2:1.3.0] AndroidManifest.xml:29:13-31:52
271                android:name="androidx.emoji2.text.EmojiCompatInitializer"
271-->[androidx.emoji2:emoji2:1.3.0] AndroidManifest.xml:30:17-75